<?xml version="1.0" encoding="utf-8"?><testsuites name="pytest tests"><testsuite name="pytest" errors="0" failures="0" skipped="0" tests="23" time="6.636" timestamp="2026-08-25T13:07:51.632816+00:00" hostname="agent-env-402e5ae9-21d3-44e2-8f46-76155cbd5404"><testcase classname="tests.backend_test.TestVoice" name="test_parse" time="0.706" /><testcase classname="tests.backend_test.TestRBAC" name="test_user_forbidden_admin" time="0.944" /><testcase classname="tests.backend_test.TestVoice" name="test_parse_empty" time="0.123" /><testcase classname="tests.backend_test.TestVoice" name="test_schedule" time="0.224" /><testcase classname="tests.backend_test.TestVoice" name="test_schedule_no_date" time="0.090" /><testcase classname="tests.backend_test.TestVoice" name="test_simulate_call" time="0.340" /><testcase classname="tests.backend_test.TestRBAC" name="test_manager_forbidden_admin" time="0.574" /><testcase classname="tests.backend_test.TestVoice" name="test_simulate_call_no_date" time="0.084" /><testcase classname="tests.backend_test.TestRBAC" name="test_manager_team_ok" time="0.154" /><testcase classname="tests.backend_test.TestAuth" name="test_login_admin" time="0.499" /><testcase classname="tests.backend_test.TestAuth" name="test_login_bad" time="0.484" /><testcase classname="tests.backend_test.TestRBAC" name="test_admin_stats" time="0.874" /><testcase classname="tests.backend_test.TestRBAC" name="test_no_auth" time="0.196" /><testcase classname="tests.backend_test.TestAuth" name="test_me" time="0.081" /><testcase classname="tests.backend_test.TestAuth" name="test_register_and_login" time="1.470" /><testcase classname="tests.backend_test.TestPrefs" name="test_get_update" time="0.517" /><testcase classname="tests.backend_test.TestPrefs" name="test_notifications_on_event_create" time="0.765" /><testcase classname="tests.backend_test.TestPrefs" name="test_google_status" time="0.115" /><testcase classname="tests.backend_test.TestConflictsAndUpdate" name="test_conflicts_endpoint" time="0.573" /><testcase classname="tests.backend_test.TestAdminOps" name="test_role_update_and_delete" time="0.703" /><testcase classname="tests.backend_test.TestConflictsAndUpdate" name="test_update_event_and_reminder_reset" time="1.043" /><testcase classname="tests.backend_test.TestAdminOps" name="test_cannot_delete_self" time="0.086" /><testcase classname="tests.backend_test.TestEvents" name="test_create_get_delete" time="0.400" /></testsuite></testsuites>