<?xml version="1.0" encoding="utf-8"?><testsuites name="pytest tests"><testsuite name="pytest" errors="0" failures="1" skipped="0" tests="21" time="5.790" timestamp="2026-08-25T12:04:58.667773+00:00" hostname="agent-env-402e5ae9-21d3-44e2-8f46-76155cbd5404"><testcase classname="tests.backend_test.TestVoice" name="test_parse" time="0.876" /><testcase classname="tests.backend_test.TestRBAC" name="test_user_forbidden_admin" time="1.054" /><testcase classname="tests.backend_test.TestVoice" name="test_parse_empty" time="0.109" /><testcase classname="tests.backend_test.TestVoice" name="test_schedule" time="0.222" /><testcase classname="tests.backend_test.TestVoice" name="test_schedule_no_date" time="0.072" /><testcase classname="tests.backend_test.TestVoice" name="test_simulate_call" time="0.327" /><testcase classname="tests.backend_test.TestRBAC" name="test_manager_forbidden_admin" time="0.595" /><testcase classname="tests.backend_test.TestVoice" name="test_simulate_call_no_date" time="0.111" /><testcase classname="tests.backend_test.TestRBAC" name="test_manager_team_ok" time="0.170" /><testcase classname="tests.backend_test.TestAuth" name="test_login_admin" time="0.383" /><testcase classname="tests.backend_test.TestAuth" name="test_login_bad" time="0.491" /><testcase classname="tests.backend_test.TestRBAC" name="test_admin_stats" time="0.781" /><testcase classname="tests.backend_test.TestAuth" name="test_me" time="0.068" /><testcase classname="tests.backend_test.TestRBAC" name="test_no_auth" time="0.241" /><testcase classname="tests.backend_test.TestAuth" name="test_register_and_login" time="1.439"><failure message="StopIteration">backend/tests/backend_test.py:77: in test_register_and_login
    uid = next(u["id"] for u in users if u["email"] == email)
          ^^^^^^^^^^^^^^^^^^^^^^^^^^^^^^^^^^^^^^^^^^^^^^^^^^^
E   StopIteration</failure></testcase><testcase classname="tests.backend_test.TestPrefs" name="test_get_update" time="0.733" /><testcase classname="tests.backend_test.TestPrefs" name="test_notifications_on_event_create" time="0.564" /><testcase classname="tests.backend_test.TestPrefs" name="test_google_status" time="0.071" /><testcase classname="tests.backend_test.TestEvents" name="test_create_get_delete" time="0.768" /><testcase classname="tests.backend_test.TestAdminOps" name="test_role_update_and_delete" time="1.073" /><testcase classname="tests.backend_test.TestAdminOps" name="test_cannot_delete_self" time="0.073" /></testsuite></testsuites>